3056:C 14 May 2019 19:30:37.861 # oO0OoO0OoO0Oo Redis is starting oO0OoO0OoO0Oo
3056:C 14 May 2019 19:30:37.862 # Redis version=5.0.2, bits=64, commit=00000000, modified=0, pid=3056, just started
3056:C 14 May 2019 19:30:37.862 # Warning: no config file specified, using the default config. In order to specify a config file use redis-server /path/to/redis.conf
3056:M 14 May 2019 19:30:37.863 * Increased maximum number of open files to 10032 (it was originally set to 256).
3056:M 14 May 2019 19:30:37.867 * Running mode=standalone, port=6379.
3056:M 14 May 2019 19:30:37.867 # Server initialized
3056:M 14 May 2019 19:30:37.867 * Ready to accept connections
3056:M 14 May 2019 19:35:38.053 * 100 changes in 300 seconds. Saving...
3056:M 14 May 2019 19:35:38.058 * Background saving started by pid 3108
3108:C 14 May 2019 19:35:38.067 * DB saved on disk
3056:M 14 May 2019 19:35:38.159 * Background saving terminated with success
3056:M 20 May 2019 18:02:10.825 * 1 changes in 3600 seconds. Saving...
3056:M 20 May 2019 18:02:10.829 * Background saving started by pid 16797
16797:C 20 May 2019 18:02:10.835 * DB saved on disk
3056:M 20 May 2019 18:02:10.933 * Background saving terminated with success
18241:C 28 May 2019 16:10:39.358 # oO0OoO0OoO0Oo Redis is starting oO0OoO0OoO0Oo
18241:C 28 May 2019 16:10:39.359 # Redis version=5.0.2, bits=64, commit=00000000, modified=0, pid=18241, just started
18241:C 28 May 2019 16:10:39.359 # Warning: no config file specified, using the default config. In order to specify a config file use redis-server /path/to/redis.conf
18241:M 28 May 2019 16:10:39.360 * Increased maximum number of open files to 10032 (it was originally set to 256).
18241:M 28 May 2019 16:10:39.363 * Running mode=standalone, port=6379.
18241:M 28 May 2019 16:10:39.363 # Server initialized
18241:M 28 May 2019 16:10:39.364 * DB loaded from disk: 0.000 seconds
18241:M 28 May 2019 16:10:39.364 * Ready to accept connections
18241:M 28 May 2019 20:32:30.930 * 1 changes in 3600 seconds. Saving...
18241:M 28 May 2019 20:32:30.935 * Background saving started by pid 18993
18993:C 28 May 2019 20:32:30.945 * DB saved on disk
18241:M 28 May 2019 20:32:31.035 * Background saving terminated with success
18241:M 28 May 2019 22:14:36.265 * 1 changes in 3600 seconds. Saving...
18241:M 28 May 2019 22:14:37.109 * Background saving started by pid 19160
19160:C 28 May 2019 22:14:37.113 * DB saved on disk
18241:M 28 May 2019 22:14:37.213 * Background saving terminated with success
18241:M 29 May 2019 10:28:32.591 * 1 changes in 3600 seconds. Saving...
18241:M 29 May 2019 10:28:32.593 * Background saving started by pid 19283
19283:C 29 May 2019 10:28:32.599 * DB saved on disk
18241:M 29 May 2019 10:28:32.694 * Background saving terminated with success
18241:M 29 May 2019 11:28:33.020 * 1 changes in 3600 seconds. Saving...
18241:M 29 May 2019 11:28:33.025 * Background saving started by pid 19517
19517:C 29 May 2019 11:28:33.032 * DB saved on disk
18241:M 29 May 2019 11:28:33.126 * Background saving terminated with success
18241:M 29 May 2019 12:28:34.026 * 1 changes in 3600 seconds. Saving...
18241:M 29 May 2019 12:28:34.035 * Background saving started by pid 19681
19681:C 29 May 2019 12:28:34.047 * DB saved on disk
18241:M 29 May 2019 12:28:34.144 * Background saving terminated with success
18241:M 29 May 2019 13:28:35.065 * 1 changes in 3600 seconds. Saving...
18241:M 29 May 2019 13:28:35.067 * Background saving started by pid 19788
19788:C 29 May 2019 13:28:35.070 * DB saved on disk
18241:M 29 May 2019 13:28:35.170 * Background saving terminated with success
18241:M 29 May 2019 14:28:36.048 * 1 changes in 3600 seconds. Saving...
18241:M 29 May 2019 14:28:36.050 * Background saving started by pid 20034
20034:C 29 May 2019 14:28:36.054 * DB saved on disk
18241:M 29 May 2019 14:28:36.151 * Background saving terminated with success
18241:M 29 May 2019 15:28:37.077 * 1 changes in 3600 seconds. Saving...
18241:M 29 May 2019 15:28:37.080 * Background saving started by pid 20338
20338:C 29 May 2019 15:28:37.086 * DB saved on disk
18241:M 29 May 2019 15:28:37.183 * Background saving terminated with success
18241:M 29 May 2019 16:28:38.033 * 1 changes in 3600 seconds. Saving...
18241:M 29 May 2019 16:28:38.036 * Background saving started by pid 20496
20496:C 29 May 2019 16:28:38.045 * DB saved on disk
18241:M 29 May 2019 16:28:38.140 * Background saving terminated with success
18241:M 29 May 2019 17:28:39.039 * 1 changes in 3600 seconds. Saving...
18241:M 29 May 2019 17:28:39.042 * Background saving started by pid 20607
20607:C 29 May 2019 17:28:39.051 * DB saved on disk
18241:M 29 May 2019 17:28:39.147 * Background saving terminated with success
18241:M 29 May 2019 18:28:40.104 * 1 changes in 3600 seconds. Saving...
18241:M 29 May 2019 18:28:40.105 * Background saving started by pid 20779
20779:C 29 May 2019 18:28:40.121 * DB saved on disk
18241:M 29 May 2019 18:28:40.206 * Background saving terminated with success
18241:M 29 May 2019 19:28:41.055 * 1 changes in 3600 seconds. Saving...
18241:M 29 May 2019 19:28:41.057 * Background saving started by pid 20975
20975:C 29 May 2019 19:28:41.061 * DB saved on disk
18241:M 29 May 2019 19:28:41.161 * Background saving terminated with success
18241:M 29 May 2019 20:28:42.081 * 1 changes in 3600 seconds. Saving...
18241:M 29 May 2019 20:28:42.084 * Background saving started by pid 21040
21040:C 29 May 2019 20:28:42.093 * DB saved on disk
18241:M 29 May 2019 20:28:42.189 * Background saving terminated with success
18241:M 29 May 2019 21:28:43.010 * 1 changes in 3600 seconds. Saving...
18241:M 29 May 2019 21:28:43.013 * Background saving started by pid 21135
21135:C 29 May 2019 21:28:43.022 * DB saved on disk
18241:M 29 May 2019 21:28:43.124 * Background saving terminated with success
18241:M 29 May 2019 22:28:44.051 * 1 changes in 3600 seconds. Saving...
18241:M 29 May 2019 22:28:44.054 * Background saving started by pid 21180
21180:C 29 May 2019 22:28:44.062 * DB saved on disk
18241:M 29 May 2019 22:28:44.165 * Background saving terminated with success
18241:M 30 May 2019 15:24:40.640 * 1 changes in 3600 seconds. Saving...
18241:M 30 May 2019 15:24:40.644 * Background saving started by pid 22623
22623:C 30 May 2019 15:24:40.652 * DB saved on disk
18241:M 30 May 2019 15:24:40.749 * Background saving terminated with success
18241:M 30 May 2019 16:54:37.769 * 1 changes in 3600 seconds. Saving...
18241:M 30 May 2019 16:54:37.772 * Background saving started by pid 23041
23041:C 30 May 2019 16:54:37.783 * DB saved on disk
18241:M 30 May 2019 16:54:37.875 * Background saving terminated with success
18241:M 30 May 2019 17:54:38.070 * 1 changes in 3600 seconds. Saving...
18241:M 30 May 2019 17:54:38.074 * Background saving started by pid 23370
23370:C 30 May 2019 17:54:38.086 * DB saved on disk
18241:M 30 May 2019 17:54:38.174 * Background saving terminated with success
18241:M 30 May 2019 21:12:36.230 * 1 changes in 3600 seconds. Saving...
18241:M 30 May 2019 21:12:36.232 * Background saving started by pid 23753
23753:C 30 May 2019 21:12:36.245 * DB saved on disk
18241:M 30 May 2019 21:12:36.336 * Background saving terminated with success
18241:M 30 May 2019 22:12:37.092 * 1 changes in 3600 seconds. Saving...
18241:M 30 May 2019 22:12:37.096 * Background saving started by pid 23839
23839:C 30 May 2019 22:12:37.103 * DB saved on disk
18241:M 30 May 2019 22:12:37.206 * Background saving terminated with success
18241:M 31 May 2019 10:26:08.350 * 1 changes in 3600 seconds. Saving...
18241:M 31 May 2019 10:26:08.352 * Background saving started by pid 24351
24351:C 31 May 2019 10:26:08.358 * DB saved on disk
18241:M 31 May 2019 10:26:08.453 * Background saving terminated with success
18241:M 31 May 2019 11:26:09.011 * 1 changes in 3600 seconds. Saving...
18241:M 31 May 2019 11:26:09.015 * Background saving started by pid 24455
24455:C 31 May 2019 11:26:09.023 * DB saved on disk
18241:M 31 May 2019 11:26:09.119 * Background saving terminated with success
18241:signal-handler (1559529258) Received SIGTERM scheduling shutdown...
18241:M 03 Jun 2019 10:34:18.732 # User requested shutdown...
18241:M 03 Jun 2019 10:34:18.732 * Saving the final RDB snapshot before exiting.
18241:M 03 Jun 2019 10:34:18.737 * DB saved on disk
18241:M 03 Jun 2019 10:34:18.737 # Redis is now ready to exit, bye bye...
86453:C 18 Jun 2019 14:59:51.427 # oO0OoO0OoO0Oo Redis is starting oO0OoO0OoO0Oo
86453:C 18 Jun 2019 14:59:51.429 # Redis version=5.0.2, bits=64, commit=00000000, modified=0, pid=86453, just started
86453:C 18 Jun 2019 14:59:51.429 # Warning: no config file specified, using the default config. In order to specify a config file use redis-server /path/to/redis.conf
86453:M 18 Jun 2019 14:59:51.430 * Increased maximum number of open files to 10032 (it was originally set to 256).
86453:M 18 Jun 2019 14:59:51.435 * Running mode=standalone, port=6379.
86453:M 18 Jun 2019 14:59:51.435 # Server initialized
86453:M 18 Jun 2019 14:59:51.436 * DB loaded from disk: 0.001 seconds
86453:M 18 Jun 2019 14:59:51.436 * Ready to accept connections
86453:M 18 Jun 2019 15:57:49.917 * 100 changes in 300 seconds. Saving...
86453:M 18 Jun 2019 15:57:49.921 * Background saving started by pid 86835
86835:C 18 Jun 2019 15:57:49.926 * DB saved on disk
86453:M 18 Jun 2019 15:57:50.021 * Background saving terminated with success
86453:M 18 Jun 2019 16:02:51.073 * 100 changes in 300 seconds. Saving...
86453:M 18 Jun 2019 16:02:51.076 * Background saving started by pid 86842
86842:C 18 Jun 2019 16:02:51.084 * DB saved on disk
86453:M 18 Jun 2019 16:02:51.177 * Background saving terminated with success
86453:M 18 Jun 2019 16:08:08.556 * 100 changes in 300 seconds. Saving...
86453:M 18 Jun 2019 16:08:08.557 * Background saving started by pid 86862
86862:C 18 Jun 2019 16:08:08.561 * DB saved on disk
86453:M 18 Jun 2019 16:08:08.661 * Background saving terminated with success
86453:M 18 Jun 2019 16:13:09.044 * 100 changes in 300 seconds. Saving...
86453:M 18 Jun 2019 16:13:09.047 * Background saving started by pid 86889
86889:C 18 Jun 2019 16:13:09.056 * DB saved on disk
86453:M 18 Jun 2019 16:13:09.151 * Background saving terminated with success
86453:M 18 Jun 2019 16:18:10.062 * 100 changes in 300 seconds. Saving...
86453:M 18 Jun 2019 16:18:10.065 * Background saving started by pid 86967
86967:C 18 Jun 2019 16:18:10.078 * DB saved on disk
86453:M 18 Jun 2019 16:18:10.168 * Background saving terminated with success
86453:M 18 Jun 2019 16:23:11.087 * 100 changes in 300 seconds. Saving...
86453:M 18 Jun 2019 16:23:11.089 * Background saving started by pid 87035
87035:C 18 Jun 2019 16:23:11.094 * DB saved on disk
86453:M 18 Jun 2019 16:23:11.192 * Background saving terminated with success
86453:M 18 Jun 2019 16:28:12.053 * 100 changes in 300 seconds. Saving...
86453:M 18 Jun 2019 16:28:12.056 * Background saving started by pid 87117
87117:C 18 Jun 2019 16:28:12.063 * DB saved on disk
86453:M 18 Jun 2019 16:28:12.160 * Background saving terminated with success
